{"tag": "function", "depth": 1, "time": 1741777392.2896914, "data": {"name": "connect_device", "call_args": {"uri": "android://127.0.0.1:5037/192.168.110.175:55555?touch_method=MAXTOUCH&"}, "start_time": 1741777391.9692864, "ret": "<Android '192.168.110.175:55555'>", "end_time": 1741777392.2896914}}
{"tag": "function", "depth": 3, "time": 1741777395.3487504, "data": {"name": "_cv_match", "call_args": {"screen": "array([[[36, 15, 17],\n        [36, 15, 17],\n        [36, 15, 17],\n        ...,\n        [36, 15, 17],\n        [36, 15, 17],\n        [36, 15, 17]],\n\n       [[36, 15, 17],\n        [36, 15, 17],\n        [36, 15, 17],\n        ...,\n        [36, 15, 17],\n        [36, 15, 17],\n        [36, 15, 17]],\n\n       [[36, 15, 17],\n        [36, 15, 17],\n        [36, 15, 17],\n        ...,\n        [36, 15, 17],\n        [36, 15, 17],\n        [36, 15, 17]],\n\n       ...,\n\n       [[32, 16, 17],\n        [32, 16, 17],\n        [34, 16, 17],\n        ...,\n        [36, 15, 17],\n        [36, 15, 17],\n        [36, 15, 17]],\n\n       [[32, 16, 17],\n        [32, 16, 17],\n        [34, 16, 17],\n        ...,\n        [36, 15, 17],\n        [36, 15, 17],\n        [36, 15, 17]],\n\n       [[32, 16, 17],\n        [32, 16, 17],\n        [34, 16, 17],\n        ...,\n        [36, 15, 17],\n        [36, 15, 17],\n        [36, 15, 17]]], dtype=uint8)"}, "start_time": 1741777394.6917148, "ret": null, "end_time": 1741777395.3487504}}
{"tag": "function", "depth": 3, "time": 1741777396.6859171, "data": {"name": "_cv_match", "call_args": {"screen": "array([[[36, 15, 17],\n        [36, 15, 17],\n        [36, 15, 17],\n        ...,\n        [36, 15, 17],\n        [36, 15, 17],\n        [36, 15, 17]],\n\n       [[36, 15, 17],\n        [36, 15, 17],\n        [36, 15, 17],\n        ...,\n        [36, 15, 17],\n        [36, 15, 17],\n        [36, 15, 17]],\n\n       [[36, 15, 17],\n        [36, 15, 17],\n        [36, 15, 17],\n        ...,\n        [36, 15, 17],\n        [36, 15, 17],\n        [36, 15, 17]],\n\n       ...,\n\n       [[32, 16, 17],\n        [32, 16, 17],\n        [34, 16, 17],\n        ...,\n        [36, 15, 17],\n        [36, 15, 17],\n        [36, 15, 17]],\n\n       [[32, 16, 17],\n        [32, 16, 17],\n        [34, 16, 17],\n        ...,\n        [36, 15, 17],\n        [36, 15, 17],\n        [36, 15, 17]],\n\n       [[32, 16, 17],\n        [32, 16, 17],\n        [34, 16, 17],\n        ...,\n        [36, 15, 17],\n        [36, 15, 17],\n        [36, 15, 17]]], dtype=uint8)"}, "start_time": 1741777396.0183635, "ret": null, "end_time": 1741777396.6859171}}
{"tag": "function", "depth": 3, "time": 1741777398.0289397, "data": {"name": "_cv_match", "call_args": {"screen": "array([[[36, 15, 17],\n        [36, 15, 17],\n        [36, 15, 17],\n        ...,\n        [36, 15, 17],\n        [36, 15, 17],\n        [36, 15, 17]],\n\n       [[36, 15, 17],\n        [36, 15, 17],\n        [36, 15, 17],\n        ...,\n        [36, 15, 17],\n        [36, 15, 17],\n        [36, 15, 17]],\n\n       [[36, 15, 17],\n        [36, 15, 17],\n        [36, 15, 17],\n        ...,\n        [36, 15, 17],\n        [36, 15, 17],\n        [36, 15, 17]],\n\n       ...,\n\n       [[32, 16, 17],\n        [32, 16, 17],\n        [34, 16, 17],\n        ...,\n        [36, 15, 17],\n        [36, 15, 17],\n        [36, 15, 17]],\n\n       [[32, 16, 17],\n        [32, 16, 17],\n        [34, 16, 17],\n        ...,\n        [36, 15, 17],\n        [36, 15, 17],\n        [36, 15, 17]],\n\n       [[32, 16, 17],\n        [32, 16, 17],\n        [34, 16, 17],\n        ...,\n        [36, 15, 17],\n        [36, 15, 17],\n        [36, 15, 17]]], dtype=uint8)"}, "start_time": 1741777397.36328, "ret": null, "end_time": 1741777398.0289397}}
{"tag": "function", "depth": 3, "time": 1741777399.3670657, "data": {"name": "_cv_match", "call_args": {"screen": "array([[[36, 15, 17],\n        [36, 15, 17],\n        [36, 15, 17],\n        ...,\n        [36, 15, 17],\n        [36, 15, 17],\n        [36, 15, 17]],\n\n       [[36, 15, 17],\n        [36, 15, 17],\n        [36, 15, 17],\n        ...,\n        [36, 15, 17],\n        [36, 15, 17],\n        [36, 15, 17]],\n\n       [[36, 15, 17],\n        [36, 15, 17],\n        [36, 15, 17],\n        ...,\n        [36, 15, 17],\n        [36, 15, 17],\n        [36, 15, 17]],\n\n       ...,\n\n       [[32, 16, 17],\n        [32, 16, 17],\n        [34, 16, 17],\n        ...,\n        [36, 15, 17],\n        [36, 15, 17],\n        [36, 15, 17]],\n\n       [[32, 16, 17],\n        [32, 16, 17],\n        [34, 16, 17],\n        ...,\n        [36, 15, 17],\n        [36, 15, 17],\n        [36, 15, 17]],\n\n       [[32, 16, 17],\n        [32, 16, 17],\n        [34, 16, 17],\n        ...,\n        [36, 15, 17],\n        [36, 15, 17],\n        [36, 15, 17]]], dtype=uint8)"}, "start_time": 1741777398.7023404, "ret": null, "end_time": 1741777399.3670657}}
{"tag": "function", "depth": 3, "time": 1741777400.653259, "data": {"name": "_cv_match", "call_args": {"screen": "array([[[36, 15, 17],\n        [36, 15, 17],\n        [36, 15, 17],\n        ...,\n        [36, 15, 17],\n        [36, 15, 17],\n        [36, 15, 17]],\n\n       [[36, 15, 17],\n        [36, 15, 17],\n        [36, 15, 17],\n        ...,\n        [36, 15, 17],\n        [36, 15, 17],\n        [36, 15, 17]],\n\n       [[36, 15, 17],\n        [36, 15, 17],\n        [36, 15, 17],\n        ...,\n        [36, 15, 17],\n        [36, 15, 17],\n        [36, 15, 17]],\n\n       ...,\n\n       [[32, 16, 17],\n        [32, 16, 17],\n        [34, 16, 17],\n        ...,\n        [36, 15, 17],\n        [36, 15, 17],\n        [36, 15, 17]],\n\n       [[32, 16, 17],\n        [32, 16, 17],\n        [34, 16, 17],\n        ...,\n        [36, 15, 17],\n        [36, 15, 17],\n        [36, 15, 17]],\n\n       [[32, 16, 17],\n        [32, 16, 17],\n        [34, 16, 17],\n        ...,\n        [36, 15, 17],\n        [36, 15, 17],\n        [36, 15, 17]]], dtype=uint8)"}, "start_time": 1741777400.0005689, "ret": null, "end_time": 1741777400.653259}}
{"tag": "function", "depth": 3, "time": 1741777401.982055, "data": {"name": "_cv_match", "call_args": {"screen": "array([[[36, 15, 17],\n        [36, 15, 17],\n        [36, 15, 17],\n        ...,\n        [36, 15, 17],\n        [36, 15, 17],\n        [36, 15, 17]],\n\n       [[36, 15, 17],\n        [36, 15, 17],\n        [36, 15, 17],\n        ...,\n        [36, 15, 17],\n        [36, 15, 17],\n        [36, 15, 17]],\n\n       [[36, 15, 17],\n        [36, 15, 17],\n        [36, 15, 17],\n        ...,\n        [36, 15, 17],\n        [36, 15, 17],\n        [36, 15, 17]],\n\n       ...,\n\n       [[32, 16, 17],\n        [32, 16, 17],\n        [34, 16, 17],\n        ...,\n        [36, 15, 17],\n        [36, 15, 17],\n        [36, 15, 17]],\n\n       [[32, 16, 17],\n        [32, 16, 17],\n        [34, 16, 17],\n        ...,\n        [36, 15, 17],\n        [36, 15, 17],\n        [36, 15, 17]],\n\n       [[32, 16, 17],\n        [32, 16, 17],\n        [34, 16, 17],\n        ...,\n        [36, 15, 17],\n        [36, 15, 17],\n        [36, 15, 17]]], dtype=uint8)"}, "start_time": 1741777401.3417392, "ret": null, "end_time": 1741777401.982055}}
{"tag": "function", "depth": 3, "time": 1741777403.2406626, "data": {"name": "_cv_match", "call_args": {"screen": "array([[[36, 15, 17],\n        [36, 15, 17],\n        [36, 15, 17],\n        ...,\n        [36, 15, 17],\n        [36, 15, 17],\n        [36, 15, 17]],\n\n       [[36, 15, 17],\n        [36, 15, 17],\n        [36, 15, 17],\n        ...,\n        [36, 15, 17],\n        [36, 15, 17],\n        [36, 15, 17]],\n\n       [[36, 15, 17],\n        [36, 15, 17],\n        [36, 15, 17],\n        ...,\n        [36, 15, 17],\n        [36, 15, 17],\n        [36, 15, 17]],\n\n       ...,\n\n       [[32, 16, 17],\n        [32, 16, 17],\n        [34, 16, 17],\n        ...,\n        [36, 15, 17],\n        [36, 15, 17],\n        [36, 15, 17]],\n\n       [[32, 16, 17],\n        [32, 16, 17],\n        [34, 16, 17],\n        ...,\n        [36, 15, 17],\n        [36, 15, 17],\n        [36, 15, 17]],\n\n       [[32, 16, 17],\n        [32, 16, 17],\n        [34, 16, 17],\n        ...,\n        [36, 15, 17],\n        [36, 15, 17],\n        [36, 15, 17]]], dtype=uint8)"}, "start_time": 1741777402.6084702, "ret": null, "end_time": 1741777403.2406626}}
{"tag": "function", "depth": 3, "time": 1741777404.5621257, "data": {"name": "_cv_match", "call_args": {"screen": "array([[[36, 15, 17],\n        [36, 15, 17],\n        [36, 15, 17],\n        ...,\n        [36, 15, 17],\n        [36, 15, 17],\n        [36, 15, 17]],\n\n       [[36, 15, 17],\n        [36, 15, 17],\n        [36, 15, 17],\n        ...,\n        [36, 15, 17],\n        [36, 15, 17],\n        [36, 15, 17]],\n\n       [[36, 15, 17],\n        [36, 15, 17],\n        [36, 15, 17],\n        ...,\n        [36, 15, 17],\n        [36, 15, 17],\n        [36, 15, 17]],\n\n       ...,\n\n       [[32, 16, 17],\n        [32, 16, 17],\n        [34, 16, 17],\n        ...,\n        [36, 15, 17],\n        [36, 15, 17],\n        [36, 15, 17]],\n\n       [[32, 16, 17],\n        [32, 16, 17],\n        [34, 16, 17],\n        ...,\n        [36, 15, 17],\n        [36, 15, 17],\n        [36, 15, 17]],\n\n       [[32, 16, 17],\n        [32, 16, 17],\n        [34, 16, 17],\n        ...,\n        [36, 15, 17],\n        [36, 15, 17],\n        [36, 15, 17]]], dtype=uint8)"}, "start_time": 1741777403.9296603, "ret": null, "end_time": 1741777404.5621257}}
{"tag": "function", "depth": 3, "time": 1741777405.836563, "data": {"name": "_cv_match", "call_args": {"screen": "array([[[36, 15, 17],\n        [36, 15, 17],\n        [36, 15, 17],\n        ...,\n        [36, 15, 17],\n        [36, 15, 17],\n        [36, 15, 17]],\n\n       [[36, 15, 17],\n        [36, 15, 17],\n        [36, 15, 17],\n        ...,\n        [36, 15, 17],\n        [36, 15, 17],\n        [36, 15, 17]],\n\n       [[36, 15, 17],\n        [36, 15, 17],\n        [36, 15, 17],\n        ...,\n        [36, 15, 17],\n        [36, 15, 17],\n        [36, 15, 17]],\n\n       ...,\n\n       [[32, 16, 17],\n        [32, 16, 17],\n        [34, 16, 17],\n        ...,\n        [36, 15, 17],\n        [36, 15, 17],\n        [36, 15, 17]],\n\n       [[32, 16, 17],\n        [32, 16, 17],\n        [34, 16, 17],\n        ...,\n        [36, 15, 17],\n        [36, 15, 17],\n        [36, 15, 17]],\n\n       [[32, 16, 17],\n        [32, 16, 17],\n        [34, 16, 17],\n        ...,\n        [36, 15, 17],\n        [36, 15, 17],\n        [36, 15, 17]]], dtype=uint8)"}, "start_time": 1741777405.2151685, "ret": null, "end_time": 1741777405.836563}}
{"tag": "function", "depth": 3, "time": 1741777407.1335194, "data": {"name": "_cv_match", "call_args": {"screen": "array([[[36, 15, 17],\n        [36, 15, 17],\n        [36, 15, 17],\n        ...,\n        [36, 15, 17],\n        [36, 15, 17],\n        [36, 15, 17]],\n\n       [[36, 15, 17],\n        [36, 15, 17],\n        [36, 15, 17],\n        ...,\n        [36, 15, 17],\n        [36, 15, 17],\n        [36, 15, 17]],\n\n       [[36, 15, 17],\n        [36, 15, 17],\n        [36, 15, 17],\n        ...,\n        [36, 15, 17],\n        [36, 15, 17],\n        [36, 15, 17]],\n\n       ...,\n\n       [[32, 16, 17],\n        [32, 16, 17],\n        [34, 16, 17],\n        ...,\n        [36, 15, 17],\n        [36, 15, 17],\n        [36, 15, 17]],\n\n       [[32, 16, 17],\n        [32, 16, 17],\n        [34, 16, 17],\n        ...,\n        [36, 15, 17],\n        [36, 15, 17],\n        [36, 15, 17]],\n\n       [[32, 16, 17],\n        [32, 16, 17],\n        [34, 16, 17],\n        ...,\n        [36, 15, 17],\n        [36, 15, 17],\n        [36, 15, 17]]], dtype=uint8)"}, "start_time": 1741777406.5081105, "ret": null, "end_time": 1741777407.1335194}}
{"tag": "function", "depth": 3, "time": 1741777408.4608989, "data": {"name": "_cv_match", "call_args": {"screen": "array([[[35, 14, 16],\n        [35, 14, 16],\n        [35, 14, 16],\n        ...,\n        [35, 14, 16],\n        [35, 14, 16],\n        [35, 14, 16]],\n\n       [[35, 14, 16],\n        [35, 14, 16],\n        [35, 14, 16],\n        ...,\n        [35, 14, 16],\n        [35, 14, 16],\n        [35, 14, 16]],\n\n       [[35, 14, 16],\n        [35, 14, 16],\n        [35, 14, 16],\n        ...,\n        [35, 14, 16],\n        [35, 14, 16],\n        [35, 14, 16]],\n\n       ...,\n\n       [[32, 16, 17],\n        [32, 16, 17],\n        [34, 16, 17],\n        ...,\n        [36, 15, 17],\n        [36, 15, 17],\n        [36, 15, 17]],\n\n       [[32, 16, 17],\n        [32, 16, 17],\n        [34, 16, 17],\n        ...,\n        [36, 15, 17],\n        [36, 15, 17],\n        [36, 15, 17]],\n\n       [[32, 16, 17],\n        [32, 16, 17],\n        [34, 16, 17],\n        ...,\n        [36, 15, 17],\n        [36, 15, 17],\n        [36, 15, 17]]], dtype=uint8)"}, "start_time": 1741777407.8113084, "ret": null, "end_time": 1741777408.4608989}}
{"tag": "function", "depth": 3, "time": 1741777409.7790024, "data": {"name": "_cv_match", "call_args": {"screen": "array([[[36, 15, 17],\n        [36, 15, 17],\n        [36, 15, 17],\n        ...,\n        [36, 15, 17],\n        [36, 15, 17],\n        [36, 15, 17]],\n\n       [[36, 15, 17],\n        [36, 15, 17],\n        [36, 15, 17],\n        ...,\n        [36, 15, 17],\n        [36, 15, 17],\n        [36, 15, 17]],\n\n       [[36, 15, 17],\n        [36, 15, 17],\n        [36, 15, 17],\n        ...,\n        [36, 15, 17],\n        [36, 15, 17],\n        [36, 15, 17]],\n\n       ...,\n\n       [[32, 16, 17],\n        [32, 16, 17],\n        [34, 16, 17],\n        ...,\n        [36, 15, 17],\n        [36, 15, 17],\n        [36, 15, 17]],\n\n       [[32, 16, 17],\n        [32, 16, 17],\n        [34, 16, 17],\n        ...,\n        [36, 15, 17],\n        [36, 15, 17],\n        [36, 15, 17]],\n\n       [[32, 16, 17],\n        [32, 16, 17],\n        [34, 16, 17],\n        ...,\n        [36, 15, 17],\n        [36, 15, 17],\n        [36, 15, 17]]], dtype=uint8)"}, "start_time": 1741777409.148635, "ret": null, "end_time": 1741777409.7790024}}
{"tag": "function", "depth": 3, "time": 1741777411.0662365, "data": {"name": "_cv_match", "call_args": {"screen": "array([[[36, 15, 17],\n        [36, 15, 17],\n        [36, 15, 17],\n        ...,\n        [36, 15, 17],\n        [36, 15, 17],\n        [36, 15, 17]],\n\n       [[36, 15, 17],\n        [36, 15, 17],\n        [36, 15, 17],\n        ...,\n        [36, 15, 17],\n        [36, 15, 17],\n        [36, 15, 17]],\n\n       [[36, 15, 17],\n        [36, 15, 17],\n        [36, 15, 17],\n        ...,\n        [36, 15, 17],\n        [36, 15, 17],\n        [36, 15, 17]],\n\n       ...,\n\n       [[32, 16, 17],\n        [32, 16, 17],\n        [34, 16, 17],\n        ...,\n        [36, 15, 17],\n        [36, 15, 17],\n        [36, 15, 17]],\n\n       [[32, 16, 17],\n        [32, 16, 17],\n        [34, 16, 17],\n        ...,\n        [36, 15, 17],\n        [36, 15, 17],\n        [36, 15, 17]],\n\n       [[32, 16, 17],\n        [32, 16, 17],\n        [34, 16, 17],\n        ...,\n        [36, 15, 17],\n        [36, 15, 17],\n        [36, 15, 17]]], dtype=uint8)"}, "start_time": 1741777410.430383, "ret": null, "end_time": 1741777411.0662365}}
{"tag": "function", "depth": 3, "time": 1741777412.3589468, "data": {"name": "_cv_match", "call_args": {"screen": "array([[[36, 15, 17],\n        [36, 15, 17],\n        [36, 15, 17],\n        ...,\n        [36, 15, 17],\n        [36, 15, 17],\n        [36, 15, 17]],\n\n       [[36, 15, 17],\n        [36, 15, 17],\n        [36, 15, 17],\n        ...,\n        [36, 15, 17],\n        [36, 15, 17],\n        [36, 15, 17]],\n\n       [[36, 15, 17],\n        [36, 15, 17],\n        [36, 15, 17],\n        ...,\n        [36, 15, 17],\n        [36, 15, 17],\n        [36, 15, 17]],\n\n       ...,\n\n       [[32, 16, 17],\n        [32, 16, 17],\n        [34, 16, 17],\n        ...,\n        [36, 15, 17],\n        [36, 15, 17],\n        [36, 15, 17]],\n\n       [[32, 16, 17],\n        [32, 16, 17],\n        [34, 16, 17],\n        ...,\n        [36, 15, 17],\n        [36, 15, 17],\n        [36, 15, 17]],\n\n       [[32, 16, 17],\n        [32, 16, 17],\n        [34, 16, 17],\n        ...,\n        [36, 15, 17],\n        [36, 15, 17],\n        [36, 15, 17]]], dtype=uint8)"}, "start_time": 1741777411.7218235, "ret": null, "end_time": 1741777412.3589468}}
{"tag": "function", "depth": 3, "time": 1741777412.3886075, "data": {"name": "try_log_screen", "call_args": {"screen": "array([[[36, 15, 17],\n        [36, 15, 17],\n        [36, 15, 17],\n        ...,\n        [36, 15, 17],\n        [36, 15, 17],\n        [36, 15, 17]],\n\n       [[36, 15, 17],\n        [36, 15, 17],\n        [36, 15, 17],\n        ...,\n        [36, 15, 17],\n        [36, 15, 17],\n        [36, 15, 17]],\n\n       [[36, 15, 17],\n        [36, 15, 17],\n        [36, 15, 17],\n        ...,\n        [36, 15, 17],\n        [36, 15, 17],\n        [36, 15, 17]],\n\n       ...,\n\n       [[32, 16, 17],\n        [32, 16, 17],\n        [34, 16, 17],\n        ...,\n        [36, 15, 17],\n        [36, 15, 17],\n        [36, 15, 17]],\n\n       [[32, 16, 17],\n        [32, 16, 17],\n        [34, 16, 17],\n        ...,\n        [36, 15, 17],\n        [36, 15, 17],\n        [36, 15, 17]],\n\n       [[32, 16, 17],\n        [32, 16, 17],\n        [34, 16, 17],\n        ...,\n        [36, 15, 17],\n        [36, 15, 17],\n        [36, 15, 17]]], dtype=uint8)", "quality": null, "max_size": null}, "start_time": 1741777412.3589468, "ret": {"screen": "1741777412358.jpg", "resolution": [1260, 2720]}, "end_time": 1741777412.3886075}}
{"tag": "function", "depth": 2, "time": 1741777412.3896074, "data": {"name": "loop_find", "call_args": {"query": {"filename": "H:\\Uiauto_demo\\lib\\blank_icon_1.png", "_filepath": "H:\\Uiauto_demo\\lib\\blank_icon_1.png", "threshold": 0.8, "target_pos": 5, "record_pos": [0.228, 0.15], "resolution": [1260, 2720], "rgb": true, "scale_max": 800, "scale_step": 0.005, "__class__": "Template"}, "timeout": 20, "threshold": 0.8, "interval": 0.5, "intervalfunc": null}, "start_time": 1741777392.2907643, "traceback": "Traceback (most recent call last):\n  File \"D:\\ForTest\\pocoTest\\.venv\\lib\\site-packages\\airtest\\utils\\logwraper.py\", line 134, in wrapper\n    res = f(*args, **kwargs)\n  File \"D:\\ForTest\\pocoTest\\.venv\\lib\\site-packages\\airtest\\core\\cv.py\", line 80, in loop_find\n    raise TargetNotFoundError('Picture %s not found in screen' % query)\nairtest.core.error.TargetNotFoundError: 'Picture Template(H:\\\\Uiauto_demo\\\\lib\\\\blank_icon_1.png) not found in screen'\n", "end_time": 1741777412.3896074}}
{"tag": "function", "depth": 1, "time": 1741777412.3906076, "data": {"name": "assert_exists", "call_args": {"v": {"filename": "H:\\Uiauto_demo\\lib\\blank_icon_1.png", "_filepath": "H:\\Uiauto_demo\\lib\\blank_icon_1.png", "threshold": 0.8, "target_pos": 5, "record_pos": [0.228, 0.15], "resolution": [1260, 2720], "rgb": true, "scale_max": 800, "scale_step": 0.005, "__class__": "Template"}, "msg": "\u5b58\u5728\u7a7a\u767d\u56fe"}, "start_time": 1741777392.2896914, "traceback": "Traceback (most recent call last):\n  File \"D:\\ForTest\\pocoTest\\.venv\\lib\\site-packages\\airtest\\core\\assertions.py\", line 27, in assert_exists\n    pos = loop_find(v, timeout=ST.FIND_TIMEOUT, threshold=ST.THRESHOLD_STRICT or v.threshold)\n  File \"D:\\ForTest\\pocoTest\\.venv\\lib\\site-packages\\airtest\\utils\\logwraper.py\", line 134, in wrapper\n    res = f(*args, **kwargs)\n  File \"D:\\ForTest\\pocoTest\\.venv\\lib\\site-packages\\airtest\\core\\cv.py\", line 80, in loop_find\n    raise TargetNotFoundError('Picture %s not found in screen' % query)\nairtest.core.error.TargetNotFoundError: 'Picture Template(H:\\\\Uiauto_demo\\\\lib\\\\blank_icon_1.png) not found in screen'\n\nDuring handling of the above exception, another exception occurred:\n\nTraceback (most recent call last):\n  File \"D:\\ForTest\\pocoTest\\.venv\\lib\\site-packages\\airtest\\utils\\logwraper.py\", line 134, in wrapper\n    res = f(*args, **kwargs)\n  File \"D:\\ForTest\\pocoTest\\.venv\\lib\\site-packages\\airtest\\core\\assertions.py\", line 30, in assert_exists\n    raise AssertionError(\"%s does not exist in screen, message: %s\" % (v, msg))\nAssertionError: Template(H:\\Uiauto_demo\\lib\\blank_icon_1.png) does not exist in screen, message: \u5b58\u5728\u7a7a\u767d\u56fe\n", "end_time": 1741777412.3906076}}
